<?xml version="1.0" encoding="UTF-8"?>
<!-- Generated by org.testng.reporters.JUnitReportReporter -->
<testsuite hostname="COREPW0CFJMT" failures="0" tests="1" name="SeleniumTestNGFirstExample.TestNgTest" time="3.652" errors="0" timestamp="2024-11-20T08:28:21 IST" skipped="0">
  <testcase classname="SeleniumTestNGFirstExample.TestNgTest" name="Navigate" time="3.652"/>
</testsuite> <!-- SeleniumTestNGFirstExample.TestNgTest -->
